<?xml version="1.0" encoding="UTF-8"?>
<testng-results skipped="0" failed="0" ignored="0" total="1" passed="1">
  <reporter-output>
  </reporter-output>
  <suite name="Default Suite" duration-ms="80708" started-at="2024-01-11T06:43:52 CST" finished-at="2024-01-11T06:45:13 CST">
    <groups>
    </groups>
    <test name="TestProject" duration-ms="80708" started-at="2024-01-11T06:43:52 CST" finished-at="2024-01-11T06:45:13 CST">
      <class name="com.tendable.AssessmentTest">
        <test-method status="PASS" signature="task()[pri:0, instance:com.tendable.AssessmentTest@7cc0cdad]" name="task" duration-ms="80450" started-at="2024-01-11T06:43:52 CST" finished-at="2024-01-11T06:45:13 CST">
          <reporter-output>
          </reporter-output>
        </test-method> <!-- task -->
      </class> <!-- com.tendable.AssessmentTest -->
    </test> <!-- TestProject -->
  </suite> <!-- Default Suite -->
</testng-results>
